<?xml version="1.0" encoding="UTF-8"?>
<!-- Generated by org.testng.reporters.JUnitReportReporter -->
<testsuite hostname="Vignesh" failures="0" tests="4" name="org.factory_annotation.SampleTestClass_For_FactoryAnnotation" time="11.681" errors="0" timestamp="2025-07-15T22:25:17 IST" skipped="0">
  <testcase classname="org.factory_annotation.SampleTestClass_For_FactoryAnnotation" name="sauceDemoLoginPageValidation" time="6.605"/>
  <testcase classname="org.factory_annotation.SampleTestClass_For_FactoryAnnotation" name="sauceDemoLoginPageValidation" time="1.392"/>
  <testcase classname="org.factory_annotation.SampleTestClass_For_FactoryAnnotation" name="sauceDemoLoginPageValidation" time="1.741"/>
  <testcase classname="org.factory_annotation.SampleTestClass_For_FactoryAnnotation" name="sauceDemoLoginPageValidation" time="1.943"/>
</testsuite> <!-- org.factory_annotation.SampleTestClass_For_FactoryAnnotation -->
