<?xml version="1.0" encoding="UTF-8"?>
<!-- Generated by org.testng.reporters.JUnitReportReporter -->
<testsuite hostname="Vignesh" failures="0" tests="3" name="org.page.practicetestautomation.practice_test_login.PracticeTestLoginPage_Validation" time="10.908" errors="0" timestamp="2025-07-15T01:34:56 IST" skipped="0">
  <testcase classname="org.page.practicetestautomation.practice_test_login.PracticeTestLoginPage_Validation" name="Validate_PracticeTestLoginPage" time="3.068"/>
  <testcase classname="org.page.practicetestautomation.practice_test_login.PracticeTestLoginPage_Validation" name="Validate_PracticeTestLoginPage" time="4.577"/>
  <testcase classname="org.page.practicetestautomation.practice_test_login.PracticeTestLoginPage_Validation" name="Validate_PracticeTestLoginPage" time="3.263"/>
</testsuite> <!-- org.page.practicetestautomation.practice_test_login.PracticeTestLoginPage_Validation -->
