<?xml version="1.0" encoding="UTF-8"?>
<!-- Generated by org.testng.reporters.JUnitReportReporter -->
<testsuite hostname="Vignesh" failures="0" tests="4" name="org.factory_annotation.SampleTestClass_For_FactoryAnnotation" time="15.188" errors="0" timestamp="2025-07-15T23:57:10 IST" skipped="0">
  <testcase classname="org.factory_annotation.SampleTestClass_For_FactoryAnnotation" name="sauceDemoLoginPageValidation" time="1.460"/>
  <testcase classname="org.factory_annotation.SampleTestClass_For_FactoryAnnotation" name="sauceDemoLoginPageValidation" time="3.665"/>
  <testcase classname="org.factory_annotation.SampleTestClass_For_FactoryAnnotation" name="sauceDemoLoginPageValidation" time="6.521"/>
  <testcase classname="org.factory_annotation.SampleTestClass_For_FactoryAnnotation" name="sauceDemoLoginPageValidation" time="3.542"/>
</testsuite> <!-- org.factory_annotation.SampleTestClass_For_FactoryAnnotation -->
