<?xml version="1.0" encoding="UTF-8"?>
<!-- Generated by org.testng.reporters.JUnitReportReporter -->
<testsuite hostname="Vignesh" failures="0" tests="5" name="org.samplePackage.SampleClass" time="31.881" errors="0" timestamp="2025-07-15T00:35:04 IST" skipped="0">
  <testcase classname="org.samplePackage.SampleClass" name="testMethod4" time="0.001"/>
  <testcase classname="org.samplePackage.SampleClass" name="testMethod5" time="0.002"/>
  <testcase classname="org.samplePackage.SampleClass" name="testMethod3" time="31.868"/>
  <testcase classname="org.samplePackage.SampleClass" name="testMethod2" time="0.005"/>
  <testcase classname="org.samplePackage.SampleClass" name="testMethod1" time="0.005"/>
</testsuite> <!-- org.samplePackage.SampleClass -->
