<?xml version="1.0" encoding="UTF-8"?>
<!-- Generated by org.testng.reporters.JUnitReportReporter -->
<testsuite hostname="Vignesh" failures="0" tests="4" name="org.samplePackage.SampleClass" time="0.015" errors="0" timestamp="2025-07-05T22:47:01 IST" skipped="0">
  <testcase classname="org.samplePackage.SampleClass" name="testMethod3" time="0.007"/>
  <testcase classname="org.samplePackage.SampleClass" name="testMethod4" time="0.004"/>
  <testcase classname="org.samplePackage.SampleClass" name="testMethod2" time="0.002"/>
  <testcase classname="org.samplePackage.SampleClass" name="testMethod1" time="0.002"/>
</testsuite> <!-- org.samplePackage.SampleClass -->
