<?xml version="1.0" encoding="UTF-8"?>
<!-- Generated by org.testng.reporters.JUnitReportReporter -->
<testsuite hostname="Vignesh" failures="0" tests="3" name="org.page.saucedemo.SauceDemo_LoginPage_Validation" time="10.440" errors="0" timestamp="2025-07-14T00:06:48 IST" skipped="0">
  <testcase classname="org.page.saucedemo.SauceDemo_LoginPage_Validation" name="testCase3" time="2.815"/>
  <testcase classname="org.page.saucedemo.SauceDemo_LoginPage_Validation" name="testCase2" time="4.047"/>
  <testcase classname="org.page.saucedemo.SauceDemo_LoginPage_Validation" name="testCase1" time="3.578"/>
</testsuite> <!-- org.page.saucedemo.SauceDemo_LoginPage_Validation -->
